<?xml version="1.0" encoding="UTF-8" ?>
<testsuite tests="4" failures="0" name="no.kristiania.pgr200.database.ConferenceDaoTest" time="0.844" errors="0" skipped="0">
  <properties>
[...]
</properties>
  <testcase classname="no.kristiania.pgr200.database.ConferenceDaoTest" name="shouldInsertConferenceTalks" time="0.613"/>
  <testcase classname="no.kristiania.pgr200.database.ConferenceDaoTest" name="confirmCorrectTopicId" time="0.082"/>
  <testcase classname="no.kristiania.pgr200.database.ConferenceDaoTest" name="confirmCorrectTalkId" time="0.085"/>
  <testcase classname="no.kristiania.pgr200.database.ConferenceDaoTest" name="shouldInsertConferenceTopics" time="0.064"/>
</testsuite>